Started GET "/" for 127.0.0.1 at 2020-02-29 11:54:02 +0100
  [1m[35m (1.0ms)[0m  [1m[34mSELECT sqlite_version(*)[0m
  
ActiveRecord::PendingMigrationError (

Migrations are pending. To resolve this issue, run:

        rails db:migrate RAILS_ENV=development

):
  
activerecord (6.0.2.1) lib/active_record/migration.rb:587:in `check_pending!'
activerecord (6.0.2.1) lib/active_record/migration.rb:564:in `call'
actionpack (6.0.2.1) lib/action_dispatch/middleware/callbacks.rb:27:in `block in call'
activesupport (6.0.2.1) lib/active_support/callbacks.rb:101:in `run_callbacks'
actionpack (6.0.2.1) lib/action_dispatch/middleware/callbacks.rb:26:in `call'
actionpack (6.0.2.1) lib/action_dispatch/middleware/executor.rb:14:in `call'
actionpack (6.0.2.1) lib/action_dispatch/middleware/actionable_exceptions.rb:17:in `call'
actionpack (6.0.2.1) lib/action_dispatch/middleware/debug_exceptions.rb:32:in `call'
web-console (4.0.1) lib/web_console/middleware.rb:132:in `call_app'
web-console (4.0.1) lib/web_console/middleware.rb:28:in `block in call'
web-console (4.0.1) lib/web_console/middleware.rb:17:in `catch'
web-console (4.0.1) lib/web_console/middleware.rb:17:in `call'
actionpack (6.0.2.1) lib/action_dispatch/middleware/show_exceptions.rb:33:in `call'
railties (6.0.2.1) lib/rails/rack/logger.rb:38:in `call_app'
railties (6.0.2.1) lib/rails/rack/logger.rb:26:in `block in call'
activesupport (6.0.2.1) lib/active_support/tagged_logging.rb:80:in `block in tagged'
activesupport (6.0.2.1) lib/active_support/tagged_logging.rb:28:in `tagged'
activesupport (6.0.2.1) lib/active_support/tagged_logging.rb:80:in `tagged'
railties (6.0.2.1) lib/rails/rack/logger.rb:26:in `call'
sprockets-rails (3.2.1) lib/sprockets/rails/quiet_assets.rb:13:in `call'
actionpack (6.0.2.1) lib/action_dispatch/middleware/remote_ip.rb:81:in `call'
actionpack (6.0.2.1) lib/action_dispatch/middleware/request_id.rb:27:in `call'
rack (2.2.2) lib/rack/method_override.rb:24:in `call'
rack (2.2.2) lib/rack/runtime.rb:22:in `call'
activesupport (6.0.2.1) lib/active_support/cache/strategy/local_cache_middleware.rb:29:in `call'
actionpack (6.0.2.1) lib/action_dispatch/middleware/executor.rb:14:in `call'
actionpack (6.0.2.1) lib/action_dispatch/middleware/static.rb:126:in `call'
rack (2.2.2) lib/rack/sendfile.rb:110:in `call'
actionpack (6.0.2.1) lib/action_dispatch/middleware/host_authorization.rb:83:in `call'
webpacker (4.2.2) lib/webpacker/dev_server_proxy.rb:23:in `perform_request'
rack-proxy (0.6.5) lib/rack/proxy.rb:57:in `call'
railties (6.0.2.1) lib/rails/engine.rb:526:in `call'
puma (4.3.3) lib/puma/configuration.rb:228:in `call'
puma (4.3.3) lib/puma/server.rb:682:in `handle_request'
puma (4.3.3) lib/puma/server.rb:472:in `process_client'
puma (4.3.3) lib/puma/server.rb:328:in `block in run'
puma (4.3.3) lib/puma/thread_pool.rb:134:in `block in spawn_thread'
  [1m[35m (0.7ms)[0m  [1m[34mSELECT sqlite_version(*)[0m
  [1m[35m (5.2ms)[0m  [1m[35mCREATE TABLE "schema_migrations" ("version" varchar NOT NULL PRIMARY KEY)[0m
  [1m[35m (5.1ms)[0m  [1m[35mCREATE TABLE "ar_internal_metadata" ("key" varchar NOT NULL PRIMARY KEY, "value" varchar, "created_at" datetime(6) NOT NULL, "updated_at" datetime(6) NOT NULL)[0m
  [1m[35m (0.2ms)[0m  [1m[34mSELECT "schema_migrations"."version" FROM "schema_migrations" ORDER BY "schema_migrations"."version" ASC[0m
Migrating to CreateBurgers (20200229103512)
  [1m[35m (0.1ms)[0m  [1m[36mbegin transaction[0m
  [1m[35m (0.3ms)[0m  [1m[35mCREATE TABLE "burgers" ("id" integer PRIMARY KEY AUTOINCREMENT NOT NULL, "name" varchar, "price" float, "image" varchar, "nutriscore" varchar, "created_at" datetime(6) NOT NULL, "updated_at" datetime(6) NOT NULL)[0m
  [1m[36mprimary::SchemaMigration Create (0.1ms)[0m  [1m[32mINSERT INTO "schema_migrations" ("version") VALUES (?)[0m  [["version", "20200229103512"]]
  [1m[35m (4.5ms)[0m  [1m[36mcommit transaction[0m
  [1m[36mActiveRecord::InternalMetadata Load (0.2ms)[0m  [1m[34mSELECT "ar_internal_metadata".* FROM "ar_internal_metadata" WHERE "ar_internal_metadata"."key" = ? LIMIT ?[0m  [["key", "environment"], ["LIMIT", 1]]
  [1m[35m (0.0ms)[0m  [1m[36mbegin transaction[0m
  [1m[36mActiveRecord::InternalMetadata Create (0.2ms)[0m  [1m[32mINSERT INTO "ar_internal_metadata" ("key", "value", "created_at", "updated_at") VALUES (?, ?, ?, ?)[0m  [["key", "environment"], ["value", "development"], ["created_at", "2020-02-29 10:54:22.349504"], ["updated_at", "2020-02-29 10:54:22.349504"]]
  [1m[35m (3.8ms)[0m  [1m[36mcommit transaction[0m
  [1m[35m (0.1ms)[0m  [1m[34mSELECT sqlite_version(*)[0m
  [1m[35m (0.1ms)[0m  [1m[34mSELECT "schema_migrations"."version" FROM "schema_migrations" ORDER BY "schema_migrations"."version" ASC[0m
Started GET "/" for 127.0.0.1 at 2020-02-29 11:54:29 +0100
  [1m[35m (0.8ms)[0m  [1m[34mSELECT sqlite_version(*)[0m
  [1m[35m (0.1ms)[0m  [1m[34mSELECT "schema_migrations"."version" FROM "schema_migrations" ORDER BY "schema_migrations"."version" ASC[0m
Processing by Rails::WelcomeController#index as HTML
  Rendering /var/lib/gems/2.5.0/gems/railties-6.0.2.1/lib/rails/templates/rails/welcome/index.html.erb
  Rendered /var/lib/gems/2.5.0/gems/railties-6.0.2.1/lib/rails/templates/rails/welcome/index.html.erb (Duration: 6.9ms | Allocations: 462)
Completed 200 OK in 15ms (Views: 9.2ms | ActiveRecord: 0.0ms | Allocations: 2638)


Started GET "/" for 127.0.0.1 at 2020-02-29 11:56:52 +0100
  [1m[35m (0.7ms)[0m  [1m[34mSELECT sqlite_version(*)[0m
  [1m[35m (0.1ms)[0m  [1m[34mSELECT "schema_migrations"."version" FROM "schema_migrations" ORDER BY "schema_migrations"."version" ASC[0m
Processing by Rails::WelcomeController#index as HTML
  Rendering /var/lib/gems/2.5.0/gems/railties-6.0.2.1/lib/rails/templates/rails/welcome/index.html.erb
  Rendered /var/lib/gems/2.5.0/gems/railties-6.0.2.1/lib/rails/templates/rails/welcome/index.html.erb (Duration: 6.3ms | Allocations: 462)
Completed 200 OK in 14ms (Views: 8.3ms | ActiveRecord: 0.0ms | Allocations: 2638)


Started GET "/" for 127.0.0.1 at 2020-02-29 12:37:54 +0100
  [1m[35m (1.4ms)[0m  [1m[34mSELECT sqlite_version(*)[0m
  [1m[35m (0.2ms)[0m  [1m[34mSELECT "schema_migrations"."version" FROM "schema_migrations" ORDER BY "schema_migrations"."version" ASC[0m
Processing by Rails::WelcomeController#index as HTML
  Rendering /var/lib/gems/2.5.0/gems/railties-6.0.2.1/lib/rails/templates/rails/welcome/index.html.erb
  Rendered /var/lib/gems/2.5.0/gems/railties-6.0.2.1/lib/rails/templates/rails/welcome/index.html.erb (Duration: 8.5ms | Allocations: 462)
Completed 200 OK in 19ms (Views: 11.6ms | ActiveRecord: 0.0ms | Allocations: 2599)


Started GET "/burgers" for 127.0.0.1 at 2020-02-29 12:37:59 +0100
Processing by BurgersController#index as HTML
  Rendering burgers/index.html.erb within layouts/application
  [1m[36mBurger Load (0.5ms)[0m  [1m[34mSELECT "burgers".* FROM "burgers"[0m
  ↳ app/views/burgers/index.html.erb:17
  Rendered burgers/index.html.erb within layouts/application (Duration: 3.1ms | Allocations: 1449)
[Webpacker] Compiling...
[Webpacker] Compiled all packs in /home/sam/Documents/LP71/LPA2/public/packs
[Webpacker] Hash: 32e57f147dbdcbbf0c82
Version: webpack 4.41.6
Time: 1964ms
Built at: 2020-02-29 12:38:03
                                     Asset       Size       Chunks                         Chunk Names
    js/application-bbe9c4a129ab949e0636.js    124 KiB  application  [emitted] [immutable]  application
js/application-bbe9c4a129ab949e0636.js.map    139 KiB  application  [emitted] [dev]        application
                             manifest.json  364 bytes               [emitted]              
Entrypoint application = js/application-bbe9c4a129ab949e0636.js js/application-bbe9c4a129ab949e0636.js.map
[./app/javascript/channels sync recursive _channel\.js$] ./app/javascript/channels sync _channel\.js$ 160 bytes {application} [built]
[./app/javascript/channels/index.js] 211 bytes {application} [built]
[./app/javascript/packs/application.js] 749 bytes {application} [built]
[./node_modules/webpack/buildin/module.js] (webpack)/buildin/module.js 552 bytes {application} [built]
    + 3 hidden modules

Completed 200 OK in 3561ms (Views: 3558.3ms | ActiveRecord: 0.7ms | Allocations: 24192)


Started GET "/" for 127.0.0.1 at 2020-02-29 15:19:51 +0100
  [1m[35m (1.4ms)[0m  [1m[34mSELECT sqlite_version(*)[0m
  [1m[35m (0.1ms)[0m  [1m[34mSELECT "schema_migrations"."version" FROM "schema_migrations" ORDER BY "schema_migrations"."version" ASC[0m
Processing by Rails::WelcomeController#index as HTML
  Rendering /var/lib/gems/2.5.0/gems/railties-6.0.2.1/lib/rails/templates/rails/welcome/index.html.erb
  Rendered /var/lib/gems/2.5.0/gems/railties-6.0.2.1/lib/rails/templates/rails/welcome/index.html.erb (Duration: 8.3ms | Allocations: 462)
Completed 200 OK in 19ms (Views: 11.5ms | ActiveRecord: 0.0ms | Allocations: 2599)


Started GET "/burgers" for 127.0.0.1 at 2020-02-29 15:19:56 +0100
Processing by BurgersController#index as HTML
  Rendering burgers/index.html.erb within layouts/application
  [1m[36mBurger Load (0.5ms)[0m  [1m[34mSELECT "burgers".* FROM "burgers"[0m
  ↳ app/views/burgers/index.html.erb:17
  Rendered burgers/index.html.erb within layouts/application (Duration: 3.9ms | Allocations: 1449)
[Webpacker] Everything's up-to-date. Nothing to do
Completed 200 OK in 27ms (Views: 23.1ms | ActiveRecord: 0.9ms | Allocations: 8950)


Started GET "/burgers" for 127.0.0.1 at 2020-02-29 15:25:52 +0100
  [1m[35m (0.7ms)[0m  [1m[34mSELECT sqlite_version(*)[0m
  [1m[35m (0.1ms)[0m  [1m[34mSELECT "schema_migrations"."version" FROM "schema_migrations" ORDER BY "schema_migrations"."version" ASC[0m
Processing by BurgersController#index as HTML
  Rendering burgers/index.html.erb within layouts/application
  [1m[36mBurger Load (0.2ms)[0m  [1m[34mSELECT "burgers".* FROM "burgers"[0m
  ↳ app/views/burgers/index.html.erb:17
  Rendered burgers/index.html.erb within layouts/application (Duration: 2.8ms | Allocations: 1703)
[Webpacker] Everything's up-to-date. Nothing to do
Completed 200 OK in 20ms (Views: 12.8ms | ActiveRecord: 0.4ms | Allocations: 10678)


Started GET "/burgers/new" for 127.0.0.1 at 2020-02-29 15:25:54 +0100
Processing by BurgersController#new as HTML
  Rendering burgers/new.html.erb within layouts/application
  Rendered burgers/_form.html.erb (Duration: 13.2ms | Allocations: 5671)
  Rendered burgers/new.html.erb within layouts/application (Duration: 14.4ms | Allocations: 6041)
[Webpacker] Everything's up-to-date. Nothing to do
Completed 200 OK in 27ms (Views: 19.5ms | ActiveRecord: 0.5ms | Allocations: 14653)


Started POST "/burgers" for 127.0.0.1 at 2020-02-29 15:25:59 +0100
Processing by BurgersController#create as HTML
  Parameters: {"authenticity_token"=>"G3IHORllJ8uyhlHqKsgmUd568fKdteO4K4SF1sW7Y69TJnK0gYCfbOBNMvrrWAuRRazI/TIBgv863ZlRYHURAg==", "burger"=>{"name"=>"test", "price"=>"test", "image"=>"test", "nutriscore"=>"test"}, "commit"=>"Create Burger"}
  [1m[35m (0.1ms)[0m  [1m[36mbegin transaction[0m
  ↳ app/controllers/burgers_controller.rb:30:in `block in create'
  [1m[36mBurger Create (0.5ms)[0m  [1m[32mINSERT INTO "burgers" ("name", "price", "image", "nutriscore", "created_at", "updated_at") VALUES (?, ?, ?, ?, ?, ?)[0m  [["name", "test"], ["price", 0.0], ["image", "test"], ["nutriscore", "test"], ["created_at", "2020-02-29 14:25:59.730573"], ["updated_at", "2020-02-29 14:25:59.730573"]]
  ↳ app/controllers/burgers_controller.rb:30:in `block in create'
  [1m[35m (4.4ms)[0m  [1m[36mcommit transaction[0m
  ↳ app/controllers/burgers_controller.rb:30:in `block in create'
Redirected to http://127.0.0.1:3000/burgers/1
Completed 302 Found in 12ms (ActiveRecord: 5.0ms | Allocations: 4140)


Started GET "/burgers/1" for 127.0.0.1 at 2020-02-29 15:25:59 +0100
Processing by BurgersController#show as HTML
  Parameters: {"id"=>"1"}
  [1m[36mBurger Load (0.2ms)[0m  [1m[34mSELECT "burgers".* FROM "burgers" WHERE "burgers"."id" = ? LIMIT ?[0m  [["id", 1], ["LIMIT", 1]]
  ↳ app/controllers/burgers_controller.rb:67:in `set_burger'
  Rendering burgers/show.html.erb within layouts/application
  Rendered burgers/show.html.erb within layouts/application (Duration: 1.0ms | Allocations: 325)
[Webpacker] Everything's up-to-date. Nothing to do
Completed 200 OK in 9ms (Views: 6.0ms | ActiveRecord: 0.2ms | Allocations: 5445)


Started GET "/burgers/1" for 127.0.0.1 at 2020-02-29 15:44:12 +0100
  [1m[35m (1.1ms)[0m  [1m[34mSELECT sqlite_version(*)[0m
  [1m[35m (0.1ms)[0m  [1m[34mSELECT "schema_migrations"."version" FROM "schema_migrations" ORDER BY "schema_migrations"."version" ASC[0m
Processing by BurgersController#show as HTML
  Parameters: {"id"=>"1"}
  [1m[36mBurger Load (0.1ms)[0m  [1m[34mSELECT "burgers".* FROM "burgers" WHERE "burgers"."id" = ? LIMIT ?[0m  [["id", 1], ["LIMIT", 1]]
  ↳ app/controllers/burgers_controller.rb:67:in `set_burger'
  Rendering burgers/show.html.erb within layouts/application
  Rendered burgers/show.html.erb within layouts/application (Duration: 1.1ms | Allocations: 619)
[Webpacker] Everything's up-to-date. Nothing to do
Completed 200 OK in 26ms (Views: 11.5ms | ActiveRecord: 0.7ms | Allocations: 16030)


Started GET "/burgers/1/edit" for 127.0.0.1 at 2020-02-29 15:44:15 +0100
Processing by BurgersController#edit as HTML
  Parameters: {"id"=>"1"}
  [1m[36mBurger Load (0.1ms)[0m  [1m[34mSELECT "burgers".* FROM "burgers" WHERE "burgers"."id" = ? LIMIT ?[0m  [["id", 1], ["LIMIT", 1]]
  ↳ app/controllers/burgers_controller.rb:67:in `set_burger'
  Rendering burgers/edit.html.erb within layouts/application
  Rendered burgers/_form.html.erb (Duration: 7.3ms | Allocations: 3685)
  Rendered burgers/edit.html.erb within layouts/application (Duration: 8.7ms | Allocations: 4105)
[Webpacker] Everything's up-to-date. Nothing to do
Completed 200 OK in 17ms (Views: 15.5ms | ActiveRecord: 0.1ms | Allocations: 8494)


Started PATCH "/burgers/1" for 127.0.0.1 at 2020-02-29 15:44:16 +0100
Processing by BurgersController#update as HTML
  Parameters: {"authenticity_token"=>"rP31TNpvh6OOqvvZ3rv/PBBREiAYAmqqK2gq4btLPoMGkswbrXChrZRzC5XM63qn/ROQCfIAKFR8MbTYtvg5YQ==", "burger"=>{"name"=>"test", "price"=>"0.0", "image"=>"test", "nutriscore"=>"test"}, "commit"=>"Update Burger", "id"=>"1"}
  [1m[36mBurger Load (0.2ms)[0m  [1m[34mSELECT "burgers".* FROM "burgers" WHERE "burgers"."id" = ? LIMIT ?[0m  [["id", 1], ["LIMIT", 1]]
  ↳ app/controllers/burgers_controller.rb:67:in `set_burger'
Redirected to http://127.0.0.1:3000/burgers/1
Completed 302 Found in 4ms (ActiveRecord: 0.2ms | Allocations: 1410)


Started GET "/burgers/1" for 127.0.0.1 at 2020-02-29 15:44:16 +0100
Processing by BurgersController#show as HTML
  Parameters: {"id"=>"1"}
  [1m[36mBurger Load (0.1ms)[0m  [1m[34mSELECT "burgers".* FROM "burgers" WHERE "burgers"."id" = ? LIMIT ?[0m  [["id", 1], ["LIMIT", 1]]
  ↳ app/controllers/burgers_controller.rb:67:in `set_burger'
  Rendering burgers/show.html.erb within layouts/application
  Rendered burgers/show.html.erb within layouts/application (Duration: 0.3ms | Allocations: 95)
[Webpacker] Everything's up-to-date. Nothing to do
Completed 200 OK in 6ms (Views: 4.5ms | ActiveRecord: 0.1ms | Allocations: 4342)


Started GET "/burgers/1/edit" for 127.0.0.1 at 2020-02-29 15:44:17 +0100
Processing by BurgersController#edit as HTML
  Parameters: {"id"=>"1"}
  [1m[36mBurger Load (0.1ms)[0m  [1m[34mSELECT "burgers".* FROM "burgers" WHERE "burgers"."id" = ? LIMIT ?[0m  [["id", 1], ["LIMIT", 1]]
  ↳ app/controllers/burgers_controller.rb:67:in `set_burger'
  Rendering burgers/edit.html.erb within layouts/application
  Rendered burgers/_form.html.erb (Duration: 2.0ms | Allocations: 1219)
  Rendered burgers/edit.html.erb within layouts/application (Duration: 2.4ms | Allocations: 1349)
[Webpacker] Everything's up-to-date. Nothing to do
Completed 200 OK in 9ms (Views: 7.4ms | ActiveRecord: 0.1ms | Allocations: 5596)


Started PATCH "/burgers/1" for 127.0.0.1 at 2020-02-29 15:44:20 +0100
Processing by BurgersController#update as HTML
  Parameters: {"authenticity_token"=>"atu1AhWPClTtxyFTsaVkQxhcKTzJLSLe1ni82Qc5P9bAtIxVYpAsWvce0R+j9eHY9R6rFSMvYCCBISLgCoo4NA==", "burger"=>{"name"=>"test", "price"=>"0.0", "image"=>"test", "nutriscore"=>"5"}, "commit"=>"Update Burger", "id"=>"1"}
  [1m[36mBurger Load (0.1ms)[0m  [1m[34mSELECT "burgers".* FROM "burgers" WHERE "burgers"."id" = ? LIMIT ?[0m  [["id", 1], ["LIMIT", 1]]
  ↳ app/controllers/burgers_controller.rb:67:in `set_burger'
  [1m[35m (0.1ms)[0m  [1m[36mbegin transaction[0m
  ↳ app/controllers/burgers_controller.rb:44:in `block in update'
  [1m[36mBurger Update (0.7ms)[0m  [1m[33mUPDATE "burgers" SET "nutriscore" = ?, "updated_at" = ? WHERE "burgers"."id" = ?[0m  [["nutriscore", "5"], ["updated_at", "2020-02-29 14:44:20.916880"], ["id", 1]]
  ↳ app/controllers/burgers_controller.rb:44:in `block in update'
  [1m[35m (3.3ms)[0m  [1m[36mcommit transaction[0m
  ↳ app/controllers/burgers_controller.rb:44:in `block in update'
Redirected to http://127.0.0.1:3000/burgers/1
Completed 302 Found in 10ms (ActiveRecord: 4.2ms | Allocations: 4511)


Started GET "/burgers/1" for 127.0.0.1 at 2020-02-29 15:44:20 +0100
Processing by BurgersController#show as HTML
  Parameters: {"id"=>"1"}
  [1m[36mBurger Load (0.1ms)[0m  [1m[34mSELECT "burgers".* FROM "burgers" WHERE "burgers"."id" = ? LIMIT ?[0m  [["id", 1], ["LIMIT", 1]]
  ↳ app/controllers/burgers_controller.rb:67:in `set_burger'
  Rendering burgers/show.html.erb within layouts/application
  Rendered burgers/show.html.erb within layouts/application (Duration: 0.3ms | Allocations: 93)
[Webpacker] Everything's up-to-date. Nothing to do
Completed 200 OK in 7ms (Views: 5.4ms | ActiveRecord: 0.1ms | Allocations: 4344)


Started GET "/burgers" for 127.0.0.1 at 2020-02-29 15:44:22 +0100
Processing by BurgersController#index as HTML
  Rendering burgers/index.html.erb within layouts/application
  [1m[36mBurger Load (0.2ms)[0m  [1m[34mSELECT "burgers".* FROM "burgers"[0m
  ↳ app/views/burgers/index.html.erb:17
  Rendered burgers/index.html.erb within layouts/application (Duration: 2.8ms | Allocations: 1089)
[Webpacker] Everything's up-to-date. Nothing to do
Completed 200 OK in 11ms (Views: 8.7ms | ActiveRecord: 0.2ms | Allocations: 4950)


